<?xml version="1.0" encoding="UTF-8"?>
<testsuite xmlns:xsi="http://www.w3.org/2001/XMLSchema-instance" xsi:noNamespaceSchemaLocation="https://maven.apache.org/surefire/maven-surefire-plugin/xsd/surefire-test-report-3.0.xsd" version="3.0" name="com.examly.springapp.SpringappApplicationTests" time="7.104" tests="79" errors="0" skipped="0" failures="0">
  <properties>
[...]
</properties>
  <testcase name="Day3_test_Controller_Directory_Exists" classname="com.examly.springapp.SpringappApplicationTests" time="0.365">
    <system-out><![CDATA[18:17:16.067 [main] INFO org.springframework.test.context.support.AnnotationConfigContextLoaderUtils -- Could not detect default configuration classes for test class [com.examly.springapp.SpringappApplicationTests]: SpringappApplicationTests does not declare any static, non-private, non-final, nested classes annotated with @Configuration.
18:17:16.270 [main] INFO org.springframework.boot.test.context.SpringBootTestContextBootstrapper -- Found @SpringBootConfiguration com.examly.springapp.SpringappApplication for test class com.examly.springapp.SpringappApplicationTests
18:17:16.475 [main] INFO org.springframework.boot.devtools.restart.RestartApplicationListener -- Restart disabled due to context in which it is running

  .   ____          _            __ _ _
 /\\ / ___'_ __ _ _(_)_ __  __ _ \ \ \ \
( ( )\___ | '_ | '_| | '_ \/ _` | \ \ \ \
 \\/  ___)| |_)| | | | | || (_| |  ) ) ) )
  '  |____| .__|_| |_|_| |_\__, | / / / /
 =========|_|==============|___/=/_/_/_/

 :: Spring Boot ::               (v3.4.12)

2025-12-27T18:17:16.963Z  INFO 776 --- [           main] c.e.springapp.SpringappApplicationTests  : Starting SpringappApplicationTests using Java 17.0.17 with PID 776 (started by coder in /home/coder/project/workspace/springapp)
2025-12-27T18:17:16.984Z  INFO 776 --- [           main] c.e.springapp.SpringappApplicationTests  : No active profile set, falling back to 1 default profile: "default"
2025-12-27T18:17:18.016Z  INFO 776 --- [           main] .s.d.r.c.RepositoryConfigurationDelegate : Bootstrapping Spring Data JPA repositories in DEFAULT mode.
2025-12-27T18:17:18.104Z  INFO 776 --- [           main] .s.d.r.c.RepositoryConfigurationDelegate : Finished Spring Data repository scanning in 40 ms. Found 5 JPA repository interfaces.
2025-12-27T18:17:18.694Z  INFO 776 --- [           main] o.hibernate.jpa.internal.util.LogHelper  : HHH000204: Processing PersistenceUnitInfo [name: default]
2025-12-27T18:17:18.759Z  INFO 776 --- [           main] org.hibernate.Version                    : HHH000412: Hibernate ORM core version 6.6.36.Final
2025-12-27T18:17:18.781Z  INFO 776 --- [           main] o.h.c.internal.RegionFactoryInitiator    : HHH000026: Second-level cache disabled
2025-12-27T18:17:19.113Z  INFO 776 --- [           main] o.s.o.j.p.SpringPersistenceUnitInfo      : No LoadTimeWeaver setup: ignoring JPA class transformer
2025-12-27T18:17:19.179Z  INFO 776 --- [           main] com.zaxxer.hikari.HikariDataSource       : HikariPool-1 - Starting...
2025-12-27T18:17:19.377Z  INFO 776 --- [           main] com.zaxxer.hikari.pool.HikariPool        : HikariPool-1 - Added connection com.mysql.cj.jdbc.ConnectionImpl@5a466dd
2025-12-27T18:17:19.379Z  INFO 776 --- [           main] com.zaxxer.hikari.HikariDataSource       : HikariPool-1 - Start completed.
2025-12-27T18:17:19.396Z  WARN 776 --- [           main] org.hibernate.orm.deprecation            : HHH90000025: MySQL8Dialect does not need to be specified explicitly using 'hibernate.dialect' (remove the property setting and it will be selected by default)
2025-12-27T18:17:19.397Z  WARN 776 --- [           main] org.hibernate.orm.deprecation            : HHH90000026: MySQL8Dialect has been deprecated; use org.hibernate.dialect.MySQLDialect instead
2025-12-27T18:17:19.414Z  INFO 776 --- [           main] org.hibernate.orm.connections.pooling    : HHH10001005: Database info:
	Database JDBC URL [Connecting through datasource 'HikariDataSource (HikariPool-1)']
	Database driver: undefined/unknown
	Database version: 8.0
	Autocommit mode: undefined/unknown
	Isolation level: undefined/unknown
	Minimum pool size: undefined/unknown
	Maximum pool size: undefined/unknown
2025-12-27T18:17:20.234Z  INFO 776 --- [           main] o.h.e.t.j.p.i.JtaPlatformInitiator       : HHH000489: No JTA platform available (set 'hibernate.transaction.jta.platform' to enable JTA platform integration)
Hibernate: alter table course drop foreign key FKqk2yq2yk124dhlsilomy36qr9
Hibernate: alter table enrollment drop foreign key FKbhhcqkw1px6yljqg92m0sh2gt
Hibernate: alter table enrollment drop foreign key FKio7fsy3vhvfgv7c0gjk15nyk4
Hibernate: drop table if exists course
Hibernate: drop table if exists enrollment
Hibernate: drop table if exists instructor
Hibernate: drop table if exists module
Hibernate: drop table if exists student
Hibernate: create table course (duration integer, price float(53), course_id bigint not null auto_increment, instructor_id bigint, course_name varchar(255), description varchar(255), level varchar(255), primary key (course_id)) engine=InnoDB
Hibernate: create table enrollment (course_id bigint, enrollment_id bigint not null auto_increment, student_id bigint, primary key (enrollment_id)) engine=InnoDB
Hibernate: create table instructor (instructor_id bigint not null auto_increment, email varchar(255), instructor_name varchar(255), phone_number varchar(255), specialization varchar(255), primary key (instructor_id)) engine=InnoDB
Hibernate: create table module (module_id bigint not null auto_increment, description varchar(255), module_name varchar(255), primary key (module_id)) engine=InnoDB
Hibernate: create table student (student_id bigint not null auto_increment, address varchar(255), email varchar(255), phone_number varchar(255), student_name varchar(255), primary key (student_id)) engine=InnoDB
Hibernate: alter table course add constraint FKqk2yq2yk124dhlsilomy36qr9 foreign key (instructor_id) references instructor (instructor_id)
Hibernate: alter table enrollment add constraint FKbhhcqkw1px6yljqg92m0sh2gt foreign key (course_id) references course (course_id)
Hibernate: alter table enrollment add constraint FKio7fsy3vhvfgv7c0gjk15nyk4 foreign key (student_id) references student (student_id)
2025-12-27T18:17:20.523Z  INFO 776 --- [           main] j.LocalContainerEntityManagerFactoryBean : Initialized JPA EntityManagerFactory for persistence unit 'default'
2025-12-27T18:17:21.474Z  WARN 776 --- [           main] JpaBaseConfiguration$JpaWebConfiguration : spring.jpa.open-in-view is enabled by default. Therefore, database queries may be performed during view rendering. Explicitly configure spring.jpa.open-in-view to disable this warning
2025-12-27T18:17:21.820Z  INFO 776 --- [           main] o.s.b.t.m.w.SpringBootMockServletContext : Initializing Spring TestDispatcherServlet ''
2025-12-27T18:17:21.820Z  INFO 776 --- [           main] o.s.t.web.servlet.TestDispatcherServlet  : Initializing Servlet ''
2025-12-27T18:17:21.821Z  INFO 776 --- [           main] o.s.t.web.servlet.TestDispatcherServlet  : Completed initialization in 1 ms
2025-12-27T18:17:21.843Z  INFO 776 --- [           main] c.e.springapp.SpringappApplicationTests  : Started SpringappApplicationTests in 5.38 seconds (process running for 6.876)
]]></system-out>
  </testcase>
  <testcase name="Day3_test_Model_Directory_Exists" classname="com.examly.springapp.SpringappApplicationTests" time="0.003"/>
  <testcase name="Day3_test_Service_Directory_Exists" classname="com.examly.springapp.SpringappApplicationTests" time="0.003"/>
  <testcase name="Day3_test_Repository_Directory_Exists" classname="com.examly.springapp.SpringappApplicationTests" time="0.003"/>
  <testcase name="Day4_test_InstructorModel_File_Exists" classname="com.examly.springapp.SpringappApplicationTests" time="0.002"/>
  <testcase name="Day4_test_CourseModel_File_Exists" classname="com.examly.springapp.SpringappApplicationTests" time="0.002"/>
  <testcase name="Day4_test_Module_File_Exists" classname="com.examly.springapp.SpringappApplicationTests" time="0.002"/>
  <testcase name="Day4_test_Student_File_Exists" classname="com.examly.springapp.SpringappApplicationTests" time="0.002"/>
  <testcase name="Day4_test_Enrollment_File_Exists" classname="com.examly.springapp.SpringappApplicationTests" time="0.002"/>
  <testcase name="Day4_test_Course_Has_Entity_Annotation" classname="com.examly.springapp.SpringappApplicationTests" time="0.002"/>
  <testcase name="test_Course_Has_Id_Annotation_On_Field" classname="com.examly.springapp.SpringappApplicationTests" time="0.003"/>
  <testcase name="Day5_testInstructorRepo_File_Exists" classname="com.examly.springapp.SpringappApplicationTests" time="0.003"/>
  <testcase name="Day5_testCourseRepo_File_Exists" classname="com.examly.springapp.SpringappApplicationTests" time="0.003"/>
  <testcase name="Day5_testModuleRepo_File_Exists" classname="com.examly.springapp.SpringappApplicationTests" time="0.003"/>
  <testcase name="Day5_testStudentRepo_File_Exists" classname="com.examly.springapp.SpringappApplicationTests" time="0.003"/>
  <testcase name="Day5_testEnrollmentRepo_File_Exists" classname="com.examly.springapp.SpringappApplicationTests" time="0.002"/>
  <testcase name="Day5_test_CourseRepo_Has_Repository_Annotation" classname="com.examly.springapp.SpringappApplicationTests" time="0.003"/>
  <testcase name="Day5_test_InstructorRepo_Has_Repository_Annotation" classname="com.examly.springapp.SpringappApplicationTests" time="0.002"/>
  <testcase name="Day5_test_ModuleRepo_Has_Repository_Annotation" classname="com.examly.springapp.SpringappApplicationTests" time="0.002"/>
  <testcase name="Day5_test_StudentRepo_Has_Repository_Annotation" classname="com.examly.springapp.SpringappApplicationTests" time="0.003"/>
  <testcase name="Day5_test_EnrollmentRepo_Has_Repository_Annotation" classname="com.examly.springapp.SpringappApplicationTests" time="0.002"/>
  <testcase name="Day6_test_InstructorController_File_Exists" classname="com.examly.springapp.SpringappApplicationTests" time="0.002"/>
  <testcase name="Day6_test_CourseController_File_Exists" classname="com.examly.springapp.SpringappApplicationTests" time="0.003"/>
  <testcase name="Day6_test_ModuleController_File_Exists" classname="com.examly.springapp.SpringappApplicationTests" time="0.002"/>
  <testcase name="Day6_test_StudentController_File_Exists" classname="com.examly.springapp.SpringappApplicationTests" time="0.002"/>
  <testcase name="Day6_test_EnrollmentController_File_Exists" classname="com.examly.springapp.SpringappApplicationTests" time="0.002"/>
  <testcase name="Day6_test_InstructorController_Has_RestController_Annotation" classname="com.examly.springapp.SpringappApplicationTests" time="0.002"/>
  <testcase name="Day6_test_CourseController_Has_RestController_Annotation" classname="com.examly.springapp.SpringappApplicationTests" time="0.002"/>
  <testcase name="Day6_test_InstructorController_Has_PostMapping" classname="com.examly.springapp.SpringappApplicationTests" time="0.002"/>
  <testcase name="Day6_test_InstructorController_Has_GetMapping" classname="com.examly.springapp.SpringappApplicationTests" time="0.002"/>
  <testcase name="Day6_test_InstructorController_Has_PutMapping" classname="com.examly.springapp.SpringappApplicationTests" time="0.002"/>
  <testcase name="Day6_test_InstructorController_Has_DeleteMapping" classname="com.examly.springapp.SpringappApplicationTests" time="0.002"/>
  <testcase name="Day6_testCreateInstructor_NoBody_StatusBadRequest" classname="com.examly.springapp.SpringappApplicationTests" time="0.065">
    <system-out><![CDATA[2025-12-27T18:17:22.363Z  WARN 776 --- [           main] .w.s.m.s.DefaultHandlerExceptionResolver : Resolved [org.springframework.http.converter.HttpMessageNotReadableException: Required request body is missing: public org.springframework.http.ResponseEntity<com.examly.springapp.model.Instructor> com.examly.springapp.controller.InstructorController.createInstructor(com.examly.springapp.model.Instructor)]
]]></system-out>
  </testcase>
  <testcase name="Day6_testGetAllInstructors_StatusNoContent" classname="com.examly.springapp.SpringappApplicationTests" time="0.136">
    <system-out><![CDATA[2025-12-27T18:17:22.374Z  INFO 776 --- [           main] com.examly.springapp.aop.LoggingAspect   : Hiih
Hibernate: select i1_0.instructor_id,i1_0.email,i1_0.instructor_name,i1_0.phone_number,i1_0.specialization from instructor i1_0
After Service Method Execution
2025-12-27T18:17:22.497Z  INFO 776 --- [           main] com.examly.springapp.aop.LoggingAspect   : Hello
]]></system-out>
  </testcase>
  <testcase name="Day7_test_InstructorController_Has_RequestMapping" classname="com.examly.springapp.SpringappApplicationTests" time="0.004"/>
  <testcase name="Day7_test_InstructorController_Has_PathVariable" classname="com.examly.springapp.SpringappApplicationTests" time="0.004"/>
  <testcase name="Day7_test_CourseController_Has_RequestMapping" classname="com.examly.springapp.SpringappApplicationTests" time="0.003"/>
  <testcase name="Day7_test_StudentController_Has_RequestMapping" classname="com.examly.springapp.SpringappApplicationTests" time="0.003"/>
  <testcase name="Day7_test_CourseController_Has_PathVariable" classname="com.examly.springapp.SpringappApplicationTests" time="0.003"/>
  <testcase name="Day7_test_StudentController_Has_PathVariable" classname="com.examly.springapp.SpringappApplicationTests" time="0.003"/>
  <testcase name="Day7_test_EnrollmentController_Has_RequestMapping" classname="com.examly.springapp.SpringappApplicationTests" time="0.003"/>
  <testcase name="Day8_test_InstructorService_File_Exists" classname="com.examly.springapp.SpringappApplicationTests" time="0.002"/>
  <testcase name="Day8_test_CourseService_File_Exists" classname="com.examly.springapp.SpringappApplicationTests" time="0.002"/>
  <testcase name="Day8_test_ModuleService_File_Exists" classname="com.examly.springapp.SpringappApplicationTests" time="0.002"/>
  <testcase name="Day8_test_StudentService_File_Exists" classname="com.examly.springapp.SpringappApplicationTests" time="0.002"/>
  <testcase name="Day8_test_EnrollmentService_File_Exists" classname="com.examly.springapp.SpringappApplicationTests" time="0.002"/>
  <testcase name="Day8_test_InstructorServiceImpl_File_Exists" classname="com.examly.springapp.SpringappApplicationTests" time="0.002"/>
  <testcase name="Day8_test_CourseServiceImpl_File_Exists" classname="com.examly.springapp.SpringappApplicationTests" time="0.002"/>
  <testcase name="Day8_test_ModuleServiceImpl_File_Exists" classname="com.examly.springapp.SpringappApplicationTests" time="0.002"/>
  <testcase name="Day8_test_StudentServiceImpl_File_Exists" classname="com.examly.springapp.SpringappApplicationTests" time="0.002"/>
  <testcase name="Day8_test_EnrollmentServiceImpl_File_Exists" classname="com.examly.springapp.SpringappApplicationTests" time="0.002"/>
  <testcase name="Day8_testAddInstructor" classname="com.examly.springapp.SpringappApplicationTests" time="0.073">
    <system-out><![CDATA[2025-12-27T18:17:22.596Z  INFO 776 --- [           main] com.examly.springapp.aop.LoggingAspect   : Hiih
Hibernate: insert into instructor (email,instructor_name,phone_number,specialization) values (?,?,?,?)
After Service Method Execution
2025-12-27T18:17:22.624Z  INFO 776 --- [           main] com.examly.springapp.aop.LoggingAspect   : Hello
]]></system-out>
  </testcase>
  <testcase name="Day8_testGetAllInstructors" classname="com.examly.springapp.SpringappApplicationTests" time="0.01">
    <system-out><![CDATA[2025-12-27T18:17:22.658Z  INFO 776 --- [           main] com.examly.springapp.aop.LoggingAspect   : Hiih
Hibernate: select i1_0.instructor_id,i1_0.email,i1_0.instructor_name,i1_0.phone_number,i1_0.specialization from instructor i1_0
After Service Method Execution
2025-12-27T18:17:22.662Z  INFO 776 --- [           main] com.examly.springapp.aop.LoggingAspect   : Hello
]]></system-out>
  </testcase>
  <testcase name="Day8_testGetInstructorById" classname="com.examly.springapp.SpringappApplicationTests" time="0.012">
    <system-out><![CDATA[2025-12-27T18:17:22.669Z  INFO 776 --- [           main] com.examly.springapp.aop.LoggingAspect   : Hiih
Hibernate: select i1_0.instructor_id,i1_0.email,i1_0.instructor_name,i1_0.phone_number,i1_0.specialization from instructor i1_0 where i1_0.instructor_id=?
After Service Method Execution
2025-12-27T18:17:22.676Z  INFO 776 --- [           main] com.examly.springapp.aop.LoggingAspect   : Hello
]]></system-out>
  </testcase>
  <testcase name="Day8_testUpdateInstructor" classname="com.examly.springapp.SpringappApplicationTests" time="0.017">
    <system-out><![CDATA[2025-12-27T18:17:22.682Z  INFO 776 --- [           main] com.examly.springapp.aop.LoggingAspect   : Hiih
Hibernate: select i1_0.instructor_id,i1_0.email,i1_0.instructor_name,i1_0.phone_number,i1_0.specialization from instructor i1_0 where i1_0.instructor_id=?
Hibernate: update instructor set email=?,instructor_name=?,phone_number=?,specialization=? where instructor_id=?
After Service Method Execution
2025-12-27T18:17:22.694Z  INFO 776 --- [           main] com.examly.springapp.aop.LoggingAspect   : Hello
]]></system-out>
  </testcase>
  <testcase name="Day9_testPagination_PageNumberApplied" classname="com.examly.springapp.SpringappApplicationTests" time="0.019">
    <system-out><![CDATA[2025-12-27T18:17:22.698Z  INFO 776 --- [           main] com.examly.springapp.aop.LoggingAspect   : Hiih
Hibernate: select i1_0.instructor_id,i1_0.email,i1_0.instructor_name,i1_0.phone_number,i1_0.specialization from instructor i1_0 limit ?,?
After Service Method Execution
2025-12-27T18:17:22.704Z  INFO 776 --- [           main] com.examly.springapp.aop.LoggingAspect   : Hello
2025-12-27T18:17:22.707Z  WARN 776 --- [           main] ration$PageModule$WarningLoggingModifier : Serializing PageImpl instances as-is is not supported, meaning that there is no guarantee about the stability of the resulting JSON structure!
	For a stable JSON structure, please use Spring Data's PagedModel (globally via @EnableSpringDataWebSupport(pageSerializationMode = VIA_DTO))
	or Spring HATEOAS and Spring Data's PagedResourcesAssembler as documented in https://docs.spring.io/spring-data/commons/reference/repositories/core-extensions.html#core.web.pageables.

]]></system-out>
  </testcase>
  <testcase name="Day9_testPagination_PageSizeApplied" classname="com.examly.springapp.SpringappApplicationTests" time="0.01">
    <system-out><![CDATA[2025-12-27T18:17:22.717Z  INFO 776 --- [           main] com.examly.springapp.aop.LoggingAspect   : Hiih
Hibernate: select i1_0.instructor_id,i1_0.email,i1_0.instructor_name,i1_0.phone_number,i1_0.specialization from instructor i1_0 limit ?,?
Hibernate: select count(i1_0.instructor_id) from instructor i1_0
After Service Method Execution
2025-12-27T18:17:22.723Z  INFO 776 --- [           main] com.examly.springapp.aop.LoggingAspect   : Hello
]]></system-out>
  </testcase>
  <testcase name="Day9_testPagination_SortingPresent" classname="com.examly.springapp.SpringappApplicationTests" time="0.008">
    <system-out><![CDATA[2025-12-27T18:17:22.727Z  INFO 776 --- [           main] com.examly.springapp.aop.LoggingAspect   : Hiih
Hibernate: select i1_0.instructor_id,i1_0.email,i1_0.instructor_name,i1_0.phone_number,i1_0.specialization from instructor i1_0 limit ?,?
After Service Method Execution
2025-12-27T18:17:22.729Z  INFO 776 --- [           main] com.examly.springapp.aop.LoggingAspect   : Hello
]]></system-out>
  </testcase>
  <testcase name="Day9_testPagination_ContentArrayExists" classname="com.examly.springapp.SpringappApplicationTests" time="0.006">
    <system-out><![CDATA[2025-12-27T18:17:22.735Z  INFO 776 --- [           main] com.examly.springapp.aop.LoggingAspect   : Hiih
Hibernate: select i1_0.instructor_id,i1_0.email,i1_0.instructor_name,i1_0.phone_number,i1_0.specialization from instructor i1_0 limit ?,?
After Service Method Execution
2025-12-27T18:17:22.737Z  INFO 776 --- [           main] com.examly.springapp.aop.LoggingAspect   : Hello
]]></system-out>
  </testcase>
  <testcase name="Day9_testPagination_TotalElementsExists" classname="com.examly.springapp.SpringappApplicationTests" time="0.006">
    <system-out><![CDATA[2025-12-27T18:17:22.742Z  INFO 776 --- [           main] com.examly.springapp.aop.LoggingAspect   : Hiih
Hibernate: select i1_0.instructor_id,i1_0.email,i1_0.instructor_name,i1_0.phone_number,i1_0.specialization from instructor i1_0 limit ?,?
After Service Method Execution
2025-12-27T18:17:22.744Z  INFO 776 --- [           main] com.examly.springapp.aop.LoggingAspect   : Hello
]]></system-out>
  </testcase>
  <testcase name="Day9_testPagination_TotalPagesExists" classname="com.examly.springapp.SpringappApplicationTests" time="0.006">
    <system-out><![CDATA[2025-12-27T18:17:22.748Z  INFO 776 --- [           main] com.examly.springapp.aop.LoggingAspect   : Hiih
Hibernate: select i1_0.instructor_id,i1_0.email,i1_0.instructor_name,i1_0.phone_number,i1_0.specialization from instructor i1_0 limit ?,?
After Service Method Execution
2025-12-27T18:17:22.751Z  INFO 776 --- [           main] com.examly.springapp.aop.LoggingAspect   : Hello
]]></system-out>
  </testcase>
  <testcase name="Day10_testAddCourse" classname="com.examly.springapp.SpringappApplicationTests" time="0.012">
    <system-out><![CDATA[2025-12-27T18:17:22.757Z  INFO 776 --- [           main] com.examly.springapp.aop.LoggingAspect   : Hiih
Hibernate: insert into course (course_name,description,duration,instructor_id,level,price) values (?,?,?,?,?,?)
After Service Method Execution
2025-12-27T18:17:22.761Z  INFO 776 --- [           main] com.examly.springapp.aop.LoggingAspect   : Hello
]]></system-out>
  </testcase>
  <testcase name="Day10_testGetAllCourses" classname="com.examly.springapp.SpringappApplicationTests" time="0.01">
    <system-out><![CDATA[2025-12-27T18:17:22.767Z  INFO 776 --- [           main] com.examly.springapp.aop.LoggingAspect   : Hiih
Hibernate: select c1_0.course_id,c1_0.course_name,c1_0.description,c1_0.duration,c1_0.instructor_id,c1_0.level,c1_0.price from course c1_0
Hibernate: select i1_0.instructor_id,i1_0.email,i1_0.instructor_name,i1_0.phone_number,i1_0.specialization from instructor i1_0 where i1_0.instructor_id=?
After Service Method Execution
2025-12-27T18:17:22.773Z  INFO 776 --- [           main] com.examly.springapp.aop.LoggingAspect   : Hello
]]></system-out>
  </testcase>
  <testcase name="Day10_testGetCourseById" classname="com.examly.springapp.SpringappApplicationTests" time="0.006">
    <system-out><![CDATA[2025-12-27T18:17:22.778Z  INFO 776 --- [           main] com.examly.springapp.aop.LoggingAspect   : Hiih
Hibernate: select c1_0.course_id,c1_0.course_name,c1_0.description,c1_0.duration,i1_0.instructor_id,i1_0.email,i1_0.instructor_name,i1_0.phone_number,i1_0.specialization,c1_0.level,c1_0.price from course c1_0 left join instructor i1_0 on i1_0.instructor_id=c1_0.instructor_id where c1_0.course_id=?
After Service Method Execution
2025-12-27T18:17:22.780Z  INFO 776 --- [           main] com.examly.springapp.aop.LoggingAspect   : Hello
]]></system-out>
  </testcase>
  <testcase name="Day10_testUpdateCourse" classname="com.examly.springapp.SpringappApplicationTests" time="0.009">
    <system-out><![CDATA[2025-12-27T18:17:22.785Z  INFO 776 --- [           main] com.examly.springapp.aop.LoggingAspect   : Hiih
Hibernate: select c1_0.course_id,c1_0.course_name,c1_0.description,c1_0.duration,i1_0.instructor_id,i1_0.email,i1_0.instructor_name,i1_0.phone_number,i1_0.specialization,c1_0.level,c1_0.price from course c1_0 left join instructor i1_0 on i1_0.instructor_id=c1_0.instructor_id where c1_0.course_id=?
Hibernate: update course set course_name=?,description=?,duration=?,instructor_id=?,level=?,price=? where course_id=?
After Service Method Execution
2025-12-27T18:17:22.790Z  INFO 776 --- [           main] com.examly.springapp.aop.LoggingAspect   : Hello
]]></system-out>
  </testcase>
  <testcase name="Day10_testAddStudent" classname="com.examly.springapp.SpringappApplicationTests" time="0.008">
    <system-out><![CDATA[2025-12-27T18:17:22.795Z  INFO 776 --- [           main] com.examly.springapp.aop.LoggingAspect   : Hiih
Hibernate: insert into student (address,email,phone_number,student_name) values (?,?,?,?)
After Service Method Execution
2025-12-27T18:17:22.799Z  INFO 776 --- [           main] com.examly.springapp.aop.LoggingAspect   : Hello
]]></system-out>
  </testcase>
  <testcase name="Day10_testGetAllStudents" classname="com.examly.springapp.SpringappApplicationTests" time="0.005">
    <system-out><![CDATA[2025-12-27T18:17:22.803Z  INFO 776 --- [           main] com.examly.springapp.aop.LoggingAspect   : Hiih
Hibernate: select s1_0.student_id,s1_0.address,s1_0.email,s1_0.phone_number,s1_0.student_name from student s1_0
After Service Method Execution
2025-12-27T18:17:22.805Z  INFO 776 --- [           main] com.examly.springapp.aop.LoggingAspect   : Hello
]]></system-out>
  </testcase>
  <testcase name="Day10_testGetStudentById" classname="com.examly.springapp.SpringappApplicationTests" time="0.005">
    <system-out><![CDATA[2025-12-27T18:17:22.809Z  INFO 776 --- [           main] com.examly.springapp.aop.LoggingAspect   : Hiih
Hibernate: select s1_0.student_id,s1_0.address,s1_0.email,s1_0.phone_number,s1_0.student_name from student s1_0 where s1_0.student_id=?
After Service Method Execution
2025-12-27T18:17:22.811Z  INFO 776 --- [           main] com.examly.springapp.aop.LoggingAspect   : Hello
]]></system-out>
  </testcase>
  <testcase name="Day10_testUpdateStudent" classname="com.examly.springapp.SpringappApplicationTests" time="0.007">
    <system-out><![CDATA[2025-12-27T18:17:22.815Z  INFO 776 --- [           main] com.examly.springapp.aop.LoggingAspect   : Hiih
Hibernate: select s1_0.student_id,s1_0.address,s1_0.email,s1_0.phone_number,s1_0.student_name from student s1_0 where s1_0.student_id=?
Hibernate: update student set address=?,email=?,phone_number=?,student_name=? where student_id=?
After Service Method Execution
2025-12-27T18:17:22.819Z  INFO 776 --- [           main] com.examly.springapp.aop.LoggingAspect   : Hello
]]></system-out>
  </testcase>
  <testcase name="Day11_testGetCoursesByInstructor" classname="com.examly.springapp.SpringappApplicationTests" time="0.017">
    <system-out><![CDATA[2025-12-27T18:17:22.823Z  INFO 776 --- [           main] com.examly.springapp.aop.LoggingAspect   : Hiih
Hibernate: select c1_0.course_id,c1_0.course_name,c1_0.description,c1_0.duration,c1_0.instructor_id,c1_0.level,c1_0.price from course c1_0 left join instructor i1_0 on i1_0.instructor_id=c1_0.instructor_id where i1_0.instructor_id=?
Hibernate: select i1_0.instructor_id,i1_0.email,i1_0.instructor_name,i1_0.phone_number,i1_0.specialization from instructor i1_0 where i1_0.instructor_id=?
After Service Method Execution
2025-12-27T18:17:22.836Z  INFO 776 --- [           main] com.examly.springapp.aop.LoggingAspect   : Hello
]]></system-out>
  </testcase>
  <testcase name="Day12_testGetCoursesByLevel" classname="com.examly.springapp.SpringappApplicationTests" time="0.009">
    <system-out><![CDATA[2025-12-27T18:17:22.842Z  INFO 776 --- [           main] com.examly.springapp.aop.LoggingAspect   : Hiih
Hibernate: select c1_0.course_id,c1_0.course_name,c1_0.description,c1_0.duration,c1_0.instructor_id,c1_0.level,c1_0.price from course c1_0 where c1_0.level=?
Hibernate: select i1_0.instructor_id,i1_0.email,i1_0.instructor_name,i1_0.phone_number,i1_0.specialization from instructor i1_0 where i1_0.instructor_id=?
After Service Method Execution
2025-12-27T18:17:22.845Z  INFO 776 --- [           main] com.examly.springapp.aop.LoggingAspect   : Hello
]]></system-out>
  </testcase>
  <testcase name="Day12_testGetStudentsByEmail" classname="com.examly.springapp.SpringappApplicationTests" time="0.013">
    <system-out><![CDATA[2025-12-27T18:17:22.850Z  INFO 776 --- [           main] com.examly.springapp.aop.LoggingAspect   : Hiih
Hibernate: select s1_0.student_id,s1_0.address,s1_0.email,s1_0.phone_number,s1_0.student_name from student s1_0 where s1_0.email=?
After Service Method Execution
2025-12-27T18:17:22.851Z  INFO 776 --- [           main] com.examly.springapp.aop.LoggingAspect   : Hello
]]></system-out>
  </testcase>
  <testcase name="Day12_testGetCoursesByLevel_NotFound" classname="com.examly.springapp.SpringappApplicationTests" time="0.006">
    <system-out><![CDATA[2025-12-27T18:17:22.863Z  INFO 776 --- [           main] com.examly.springapp.aop.LoggingAspect   : Hiih
Hibernate: select c1_0.course_id,c1_0.course_name,c1_0.description,c1_0.duration,c1_0.instructor_id,c1_0.level,c1_0.price from course c1_0 where c1_0.level=?
After Service Method Execution
2025-12-27T18:17:22.864Z  INFO 776 --- [           main] com.examly.springapp.aop.LoggingAspect   : Hello
]]></system-out>
  </testcase>
  <testcase name="Day12_testGetInstructorBySpecialization" classname="com.examly.springapp.SpringappApplicationTests" time="0.007">
    <system-out><![CDATA[2025-12-27T18:17:22.869Z  INFO 776 --- [           main] com.examly.springapp.aop.LoggingAspect   : Hiih
Hibernate: select i1_0.instructor_id,i1_0.email,i1_0.instructor_name,i1_0.phone_number,i1_0.specialization from instructor i1_0 where i1_0.specialization=?
After Service Method Execution
2025-12-27T18:17:22.871Z  INFO 776 --- [           main] com.examly.springapp.aop.LoggingAspect   : Hello
]]></system-out>
  </testcase>
  <testcase name="Day12_testGetInstructorBySpecialization_NotFound" classname="com.examly.springapp.SpringappApplicationTests" time="0.005">
    <system-out><![CDATA[2025-12-27T18:17:22.876Z  INFO 776 --- [           main] com.examly.springapp.aop.LoggingAspect   : Hiih
Hibernate: select i1_0.instructor_id,i1_0.email,i1_0.instructor_name,i1_0.phone_number,i1_0.specialization from instructor i1_0 where i1_0.specialization=?
After Service Method Execution
2025-12-27T18:17:22.877Z  INFO 776 --- [           main] com.examly.springapp.aop.LoggingAspect   : Hello
]]></system-out>
  </testcase>
  <testcase name="Day13_test_exception_Directory_Exists" classname="com.examly.springapp.SpringappApplicationTests" time="0.002"/>
  <testcase name="Day13_test_GlobalException_File_Exists" classname="com.examly.springapp.SpringappApplicationTests" time="0.002"/>
  <testcase name="Day14_test_configuration_Directory_Exists" classname="com.examly.springapp.SpringappApplicationTests" time="0.002"/>
  <testcase name="Day15_testAOPLogFileExists" classname="com.examly.springapp.SpringappApplicationTests" time="0.002"/>
</testsuite>